# Push Log for cv.thefoldwithin.earth
# Generated by gitfield-sync

[2025-06-11T22:19:33Z] Local: , Branch=master, Commit=ef7d131
  Diff Summary:
     docs/integrity.sha256 | 11 +++++++++++
     1 file changed, 11 insertions(+)
[2025-06-11T22:20:00Z] Radicle: RID=rad:z3FEj7rF8gZw9eFksCuiN43qjzrex, Peer ID=z6Mkw5s3ppo26C7y7tGK5MD8n2GqTHS582PPpeX5Xqbu2Mpz, Branch=master, Commit=ef7d131
  CLI: rad inspect rad:z3FEj7rF8gZw9eFksCuiN43qjzrex # View project details
  CLI: git ls-tree -r --name-only HEAD # View file structure
  Diff Summary:
     .gitfield/radicle.sigil.md | 67 ++++++++++++++++++++++++++++++++++++++++++++++
     1 file changed, 67 insertions(+)
[2025-06-11T22:20:05Z] Forgejo: https://remember.thefoldwithin.earth/mrhavens/cv.thefoldwithin.earth, Branch=master, Commit=ef7d131
  Diff Summary:
     .gitfield/remember.sigil.md | 59 +++++++++++++++++++++++++++++++++++++++++++++
     1 file changed, 59 insertions(+)
[2025-06-11T22:20:13Z] Codeberg: https://codeberg.org/mrhavens/cv.thefoldwithin.earth, Branch=master, Commit=ef7d131
  Diff Summary:
     .gitfield/codeberg.sigil.md | 59 +++++++++++++++++++++++++++++++++++++++++++++
     1 file changed, 59 insertions(+)
[2025-06-11T22:20:15Z] Gitea: https://gitea.com/mrhavens/cv.thefoldwithin.earth, Branch=master, Commit=ef7d131
  Diff Summary:
     .gitfield/pushed.log | 4 ++++
     1 file changed, 4 insertions(+)
[2025-06-11T22:21:34Z] GitLab: https://gitlab.com/mrhavens/cv.thefoldwithin.earth, Branch=master, Commit=ef7d131
  Diff Summary:
     .gitfield/gitlab.sigil.md | 59 +++++++++++++++++++++++++++++++++++++++++++++++
     1 file changed, 59 insertions(+)
[2025-06-11T22:21:43Z] Bitbucket: https://bitbucket.org/thefoldwithin/cv.thefoldwithin.earth, Branch=master, Commit=ef7d131
  Diff Summary:
     .gitfield/bitbucket.sigil.md | 59 ++++++++++++++++++++++++++++++++++++++++++++
     1 file changed, 59 insertions(+)
[2025-06-11T22:21:50Z] GitHub: https://github.com/mrhavens/cv.thefoldwithin.earth, Branch=master, Commit=ef7d131
  Diff Summary:
     .gitfield/github.sigil.md | 59 +++++++++++++++++++++++++++++++++++++++++++++++
     1 file changed, 59 insertions(+)
[2025-06-11T22:21:51Z] Local: , Branch=master, Commit=ef7d131
  Diff Summary:
     .gitfield/local.sigil.md | 59 ++++++++++++++++++++++++++++++++++++++++++++++++
     1 file changed, 59 insertions(+)
